{
 "cells": [
  {
   "cell_type": "markdown",
   "metadata": {},
   "source": [
    "# Advanced Aggregates\n",
    "\n",
    "Please remember to use the `EXPLAIN` before you execute a query to help avoid unnecessary load on the DBMS and indefinite waits by you for results.\n",
    "\n",
    "Therefore, for each question, we are providing a cell for the `EXPLAIN` as well as the final SQL.\n",
    "\n",
    "\n",
    "## Our practice schema:\n",
    "\n",
    "We will use the DVD Rental database.\n",
    "\n",
    "A PDF of the _Entity-Relationship Diagrams_ (ERD) is available [here](https://web.dsa.missouri.edu/static/PDF/DVD_Rental_ERD2.pdf).   \n",
    "Printing it out is recommended.\n",
    "\n",
    "\n",
    "**NOTE**: These queries are more complex that the others.\n",
    "If you get stuck on one, skip and come back to it later.\n",
    "\n",
    "**NOTE**: For this notebook, it is desired that you construct solutions using advanced aggregates and derived tables."
   ]
  },
  {
   "cell_type": "code",
   "execution_count": 1,
   "metadata": {},
   "outputs": [
    {
     "data": {
      "text/plain": [
       "'Connected: dsa_ro_user@dvdrental'"
      ]
     },
     "execution_count": 1,
     "metadata": {},
     "output_type": "execute_result"
    }
   ],
   "source": [
    "%load_ext sql\n",
    "%sql postgres://dsa_ro_user:readonly@pgsql.dsa.lan/dvdrental"
   ]
  },
  {
   "cell_type": "markdown",
   "metadata": {},
   "source": [
    "### 1\n",
    "### What is the average, variance, and standard deviation of the film length?\n"
   ]
  },
  {
   "cell_type": "code",
   "execution_count": 2,
   "metadata": {},
   "outputs": [
    {
     "name": "stdout",
     "output_type": "stream",
     "text": [
      " * postgres://dsa_ro_user:***@pgsql.dsa.lan/dvdrental\n",
      "2 rows affected.\n"
     ]
    },
    {
     "data": {
      "text/html": [
       "<table>\n",
       "    <tr>\n",
       "        <th>QUERY PLAN</th>\n",
       "    </tr>\n",
       "    <tr>\n",
       "        <td>Aggregate  (cost=71.51..71.52 rows=1 width=96)</td>\n",
       "    </tr>\n",
       "    <tr>\n",
       "        <td>&nbsp;&nbsp;-&gt;  Seq Scan on film  (cost=0.00..64.00 rows=1000 width=2)</td>\n",
       "    </tr>\n",
       "</table>"
      ],
      "text/plain": [
       "[('Aggregate  (cost=71.51..71.52 rows=1 width=96)',),\n",
       " ('  ->  Seq Scan on film  (cost=0.00..64.00 rows=1000 width=2)',)]"
      ]
     },
     "execution_count": 2,
     "metadata": {},
     "output_type": "execute_result"
    }
   ],
   "source": [
    "%%sql\n",
    "EXPLAIN\n",
    "SELECT avg(length), variance(length), stddev(length)\n",
    "FROM film;\n",
    "\n",
    "\n",
    "\n",
    "\n"
   ]
  },
  {
   "cell_type": "code",
   "execution_count": 3,
   "metadata": {},
   "outputs": [
    {
     "name": "stdout",
     "output_type": "stream",
     "text": [
      " * postgres://dsa_ro_user:***@pgsql.dsa.lan/dvdrental\n",
      "1 rows affected.\n"
     ]
    },
    {
     "data": {
      "text/html": [
       "<table>\n",
       "    <tr>\n",
       "        <th>avg</th>\n",
       "        <th>variance</th>\n",
       "        <th>stddev</th>\n",
       "    </tr>\n",
       "    <tr>\n",
       "        <td>115.2720000000000000</td>\n",
       "        <td>1634.2883043043043043</td>\n",
       "        <td>40.4263318185598470</td>\n",
       "    </tr>\n",
       "</table>"
      ],
      "text/plain": [
       "[(Decimal('115.2720000000000000'), Decimal('1634.2883043043043043'), Decimal('40.4263318185598470'))]"
      ]
     },
     "execution_count": 3,
     "metadata": {},
     "output_type": "execute_result"
    }
   ],
   "source": [
    "%%sql\n",
    "SELECT avg(length), variance(length), stddev(length)\n",
    "FROM film;\n",
    "\n"
   ]
  },
  {
   "cell_type": "markdown",
   "metadata": {},
   "source": [
    "### 2\n",
    "### What is the average, variance, and standard deviation of the film length; broken down by film category."
   ]
  },
  {
   "cell_type": "code",
   "execution_count": 4,
   "metadata": {},
   "outputs": [
    {
     "name": "stdout",
     "output_type": "stream",
     "text": [
      " * postgres://dsa_ro_user:***@pgsql.dsa.lan/dvdrental\n",
      "11 rows affected.\n"
     ]
    },
    {
     "data": {
      "text/html": [
       "<table>\n",
       "    <tr>\n",
       "        <th>QUERY PLAN</th>\n",
       "    </tr>\n",
       "    <tr>\n",
       "        <td>HashAggregate  (cost=109.81..110.09 rows=16 width=164)</td>\n",
       "    </tr>\n",
       "    <tr>\n",
       "        <td>&nbsp;&nbsp;Group Key: category.name</td>\n",
       "    </tr>\n",
       "    <tr>\n",
       "        <td>&nbsp;&nbsp;-&gt;  Hash Join  (cost=77.86..99.81 rows=1000 width=70)</td>\n",
       "    </tr>\n",
       "    <tr>\n",
       "        <td>&nbsp;&nbsp;&nbsp;&nbsp;&nbsp;&nbsp;&nbsp;&nbsp;Hash Cond: (film_category.category_id = category.category_id)</td>\n",
       "    </tr>\n",
       "    <tr>\n",
       "        <td>&nbsp;&nbsp;&nbsp;&nbsp;&nbsp;&nbsp;&nbsp;&nbsp;-&gt;  Hash Join  (cost=76.50..95.14 rows=1000 width=4)</td>\n",
       "    </tr>\n",
       "    <tr>\n",
       "        <td>&nbsp;&nbsp;&nbsp;&nbsp;&nbsp;&nbsp;&nbsp;&nbsp;&nbsp;&nbsp;&nbsp;&nbsp;&nbsp;&nbsp;Hash Cond: (film_category.film_id = film.film_id)</td>\n",
       "    </tr>\n",
       "    <tr>\n",
       "        <td>&nbsp;&nbsp;&nbsp;&nbsp;&nbsp;&nbsp;&nbsp;&nbsp;&nbsp;&nbsp;&nbsp;&nbsp;&nbsp;&nbsp;-&gt;  Seq Scan on film_category  (cost=0.00..16.00 rows=1000 width=4)</td>\n",
       "    </tr>\n",
       "    <tr>\n",
       "        <td>&nbsp;&nbsp;&nbsp;&nbsp;&nbsp;&nbsp;&nbsp;&nbsp;&nbsp;&nbsp;&nbsp;&nbsp;&nbsp;&nbsp;-&gt;  Hash  (cost=64.00..64.00 rows=1000 width=6)</td>\n",
       "    </tr>\n",
       "    <tr>\n",
       "        <td>&nbsp;&nbsp;&nbsp;&nbsp;&nbsp;&nbsp;&nbsp;&nbsp;&nbsp;&nbsp;&nbsp;&nbsp;&nbsp;&nbsp;&nbsp;&nbsp;&nbsp;&nbsp;&nbsp;&nbsp;-&gt;  Seq Scan on film  (cost=0.00..64.00 rows=1000 width=6)</td>\n",
       "    </tr>\n",
       "    <tr>\n",
       "        <td>&nbsp;&nbsp;&nbsp;&nbsp;&nbsp;&nbsp;&nbsp;&nbsp;-&gt;  Hash  (cost=1.16..1.16 rows=16 width=72)</td>\n",
       "    </tr>\n",
       "    <tr>\n",
       "        <td>&nbsp;&nbsp;&nbsp;&nbsp;&nbsp;&nbsp;&nbsp;&nbsp;&nbsp;&nbsp;&nbsp;&nbsp;&nbsp;&nbsp;-&gt;  Seq Scan on category  (cost=0.00..1.16 rows=16 width=72)</td>\n",
       "    </tr>\n",
       "</table>"
      ],
      "text/plain": [
       "[('HashAggregate  (cost=109.81..110.09 rows=16 width=164)',),\n",
       " ('  Group Key: category.name',),\n",
       " ('  ->  Hash Join  (cost=77.86..99.81 rows=1000 width=70)',),\n",
       " ('        Hash Cond: (film_category.category_id = category.category_id)',),\n",
       " ('        ->  Hash Join  (cost=76.50..95.14 rows=1000 width=4)',),\n",
       " ('              Hash Cond: (film_category.film_id = film.film_id)',),\n",
       " ('              ->  Seq Scan on film_category  (cost=0.00..16.00 rows=1000 width=4)',),\n",
       " ('              ->  Hash  (cost=64.00..64.00 rows=1000 width=6)',),\n",
       " ('                    ->  Seq Scan on film  (cost=0.00..64.00 rows=1000 width=6)',),\n",
       " ('        ->  Hash  (cost=1.16..1.16 rows=16 width=72)',),\n",
       " ('              ->  Seq Scan on category  (cost=0.00..1.16 rows=16 width=72)',)]"
      ]
     },
     "execution_count": 4,
     "metadata": {},
     "output_type": "execute_result"
    }
   ],
   "source": [
    "%%sql\n",
    "EXPLAIN\n",
    "SELECT avg(film.length), variance(film.length), stddev(film.length), category.name\n",
    "FROM film \n",
    "JOIN film_category USING(film_id)\n",
    "JOIN category USING(category_id)\n",
    "GROUP BY category.name;\n",
    "\n",
    "\n",
    "\n"
   ]
  },
  {
   "cell_type": "code",
   "execution_count": 5,
   "metadata": {},
   "outputs": [
    {
     "name": "stdout",
     "output_type": "stream",
     "text": [
      " * postgres://dsa_ro_user:***@pgsql.dsa.lan/dvdrental\n",
      "16 rows affected.\n"
     ]
    },
    {
     "data": {
      "text/html": [
       "<table>\n",
       "    <tr>\n",
       "        <th>name</th>\n",
       "        <th>avg</th>\n",
       "        <th>variance</th>\n",
       "        <th>stddev</th>\n",
       "    </tr>\n",
       "    <tr>\n",
       "        <td>Family</td>\n",
       "        <td>114.7826086956521739</td>\n",
       "        <td>1523.2314578005115090</td>\n",
       "        <td>39.0285979481778401</td>\n",
       "    </tr>\n",
       "    <tr>\n",
       "        <td>Games</td>\n",
       "        <td>127.8360655737704918</td>\n",
       "        <td>1262.4726775956284153</td>\n",
       "        <td>35.5312915272668975</td>\n",
       "    </tr>\n",
       "    <tr>\n",
       "        <td>Animation</td>\n",
       "        <td>111.0151515151515152</td>\n",
       "        <td>1723.0920745920745921</td>\n",
       "        <td>41.5101442371870661</td>\n",
       "    </tr>\n",
       "    <tr>\n",
       "        <td>Classics</td>\n",
       "        <td>111.6666666666666667</td>\n",
       "        <td>1475.2261904761904762</td>\n",
       "        <td>38.4086733756347080</td>\n",
       "    </tr>\n",
       "    <tr>\n",
       "        <td>Documentary</td>\n",
       "        <td>108.7500000000000000</td>\n",
       "        <td>1814.6679104477611940</td>\n",
       "        <td>42.5989191229984284</td>\n",
       "    </tr>\n",
       "    <tr>\n",
       "        <td>New</td>\n",
       "        <td>111.1269841269841270</td>\n",
       "        <td>1514.7900665642601126</td>\n",
       "        <td>38.9203040399771301</td>\n",
       "    </tr>\n",
       "    <tr>\n",
       "        <td>Sports</td>\n",
       "        <td>128.2027027027027027</td>\n",
       "        <td>1796.4651980747871159</td>\n",
       "        <td>42.3847283591010775</td>\n",
       "    </tr>\n",
       "    <tr>\n",
       "        <td>Children</td>\n",
       "        <td>109.8000000000000000</td>\n",
       "        <td>1500.9084745762711864</td>\n",
       "        <td>38.7415600431406374</td>\n",
       "    </tr>\n",
       "    <tr>\n",
       "        <td>Music</td>\n",
       "        <td>113.6470588235294118</td>\n",
       "        <td>1787.3129411764705882</td>\n",
       "        <td>42.2766240513178936</td>\n",
       "    </tr>\n",
       "    <tr>\n",
       "        <td>Travel</td>\n",
       "        <td>113.3157894736842105</td>\n",
       "        <td>1540.1842105263157895</td>\n",
       "        <td>39.2451807299484326</td>\n",
       "    </tr>\n",
       "    <tr>\n",
       "        <td>Foreign</td>\n",
       "        <td>121.6986301369863014</td>\n",
       "        <td>1861.9079147640791476</td>\n",
       "        <td>43.1498309934590491</td>\n",
       "    </tr>\n",
       "    <tr>\n",
       "        <td>Drama</td>\n",
       "        <td>120.8387096774193548</td>\n",
       "        <td>1658.3997884717080910</td>\n",
       "        <td>40.7234550163871544</td>\n",
       "    </tr>\n",
       "    <tr>\n",
       "        <td>Horror</td>\n",
       "        <td>112.4821428571428571</td>\n",
       "        <td>1388.6905844155844156</td>\n",
       "        <td>37.2651389963271761</td>\n",
       "    </tr>\n",
       "    <tr>\n",
       "        <td>Action</td>\n",
       "        <td>111.6093750000000000</td>\n",
       "        <td>1848.3687996031746032</td>\n",
       "        <td>42.9926598340132313</td>\n",
       "    </tr>\n",
       "    <tr>\n",
       "        <td>Sci-Fi</td>\n",
       "        <td>108.1967213114754098</td>\n",
       "        <td>1315.6273224043715847</td>\n",
       "        <td>36.2715773354891693</td>\n",
       "    </tr>\n",
       "    <tr>\n",
       "        <td>Comedy</td>\n",
       "        <td>115.8275862068965517</td>\n",
       "        <td>1781.3381730187537810</td>\n",
       "        <td>42.2059021111829072</td>\n",
       "    </tr>\n",
       "</table>"
      ],
      "text/plain": [
       "[('Family', Decimal('114.7826086956521739'), Decimal('1523.2314578005115090'), Decimal('39.0285979481778401')),\n",
       " ('Games', Decimal('127.8360655737704918'), Decimal('1262.4726775956284153'), Decimal('35.5312915272668975')),\n",
       " ('Animation', Decimal('111.0151515151515152'), Decimal('1723.0920745920745921'), Decimal('41.5101442371870661')),\n",
       " ('Classics', Decimal('111.6666666666666667'), Decimal('1475.2261904761904762'), Decimal('38.4086733756347080')),\n",
       " ('Documentary', Decimal('108.7500000000000000'), Decimal('1814.6679104477611940'), Decimal('42.5989191229984284')),\n",
       " ('New', Decimal('111.1269841269841270'), Decimal('1514.7900665642601126'), Decimal('38.9203040399771301')),\n",
       " ('Sports', Decimal('128.2027027027027027'), Decimal('1796.4651980747871159'), Decimal('42.3847283591010775')),\n",
       " ('Children', Decimal('109.8000000000000000'), Decimal('1500.9084745762711864'), Decimal('38.7415600431406374')),\n",
       " ('Music', Decimal('113.6470588235294118'), Decimal('1787.3129411764705882'), Decimal('42.2766240513178936')),\n",
       " ('Travel', Decimal('113.3157894736842105'), Decimal('1540.1842105263157895'), Decimal('39.2451807299484326')),\n",
       " ('Foreign', Decimal('121.6986301369863014'), Decimal('1861.9079147640791476'), Decimal('43.1498309934590491')),\n",
       " ('Drama', Decimal('120.8387096774193548'), Decimal('1658.3997884717080910'), Decimal('40.7234550163871544')),\n",
       " ('Horror', Decimal('112.4821428571428571'), Decimal('1388.6905844155844156'), Decimal('37.2651389963271761')),\n",
       " ('Action', Decimal('111.6093750000000000'), Decimal('1848.3687996031746032'), Decimal('42.9926598340132313')),\n",
       " ('Sci-Fi', Decimal('108.1967213114754098'), Decimal('1315.6273224043715847'), Decimal('36.2715773354891693')),\n",
       " ('Comedy', Decimal('115.8275862068965517'), Decimal('1781.3381730187537810'), Decimal('42.2059021111829072'))]"
      ]
     },
     "execution_count": 5,
     "metadata": {},
     "output_type": "execute_result"
    }
   ],
   "source": [
    "%%sql\n",
    "SELECT  category.name, avg(film.length), variance(film.length), stddev(film.length)\n",
    "FROM film \n",
    "JOIN film_category USING(film_id)\n",
    "JOIN category USING(category_id)\n",
    "GROUP BY category.name;\n",
    "\n",
    "\n",
    "\n",
    "\n"
   ]
  },
  {
   "cell_type": "markdown",
   "metadata": {},
   "source": [
    "[Helpful Hints Video](https://youtu.be/jy9H2KLI4Iw) "
   ]
  },
  {
   "cell_type": "markdown",
   "metadata": {},
   "source": [
    "### 3\n",
    "### A movie's \"cumulative rented duration\" is the sum of all rentals from rental table.  What is the average _cumulative rented duration_ per store (inventory.store_id)."
   ]
  },
  {
   "cell_type": "code",
   "execution_count": 6,
   "metadata": {},
   "outputs": [
    {
     "name": "stdout",
     "output_type": "stream",
     "text": [
      " * postgres://dsa_ro_user:***@pgsql.dsa.lan/dvdrental\n",
      "11 rows affected.\n"
     ]
    },
    {
     "data": {
      "text/html": [
       "<table>\n",
       "    <tr>\n",
       "        <th>QUERY PLAN</th>\n",
       "    </tr>\n",
       "    <tr>\n",
       "        <td>HashAggregate  (cost=719.80..719.82 rows=2 width=18)</td>\n",
       "    </tr>\n",
       "    <tr>\n",
       "        <td>&nbsp;&nbsp;Group Key: inventory.store_id</td>\n",
       "    </tr>\n",
       "    <tr>\n",
       "        <td>&nbsp;&nbsp;-&gt;  Hash Join  (cost=204.57..599.47 rows=16044 width=18)</td>\n",
       "    </tr>\n",
       "    <tr>\n",
       "        <td>&nbsp;&nbsp;&nbsp;&nbsp;&nbsp;&nbsp;&nbsp;&nbsp;Hash Cond: (inventory.film_id = film.film_id)</td>\n",
       "    </tr>\n",
       "    <tr>\n",
       "        <td>&nbsp;&nbsp;&nbsp;&nbsp;&nbsp;&nbsp;&nbsp;&nbsp;-&gt;  Hash Join  (cost=128.07..480.67 rows=16044 width=20)</td>\n",
       "    </tr>\n",
       "    <tr>\n",
       "        <td>&nbsp;&nbsp;&nbsp;&nbsp;&nbsp;&nbsp;&nbsp;&nbsp;&nbsp;&nbsp;&nbsp;&nbsp;&nbsp;&nbsp;Hash Cond: (rental.inventory_id = inventory.inventory_id)</td>\n",
       "    </tr>\n",
       "    <tr>\n",
       "        <td>&nbsp;&nbsp;&nbsp;&nbsp;&nbsp;&nbsp;&nbsp;&nbsp;&nbsp;&nbsp;&nbsp;&nbsp;&nbsp;&nbsp;-&gt;  Seq Scan on rental  (cost=0.00..310.44 rows=16044 width=20)</td>\n",
       "    </tr>\n",
       "    <tr>\n",
       "        <td>&nbsp;&nbsp;&nbsp;&nbsp;&nbsp;&nbsp;&nbsp;&nbsp;&nbsp;&nbsp;&nbsp;&nbsp;&nbsp;&nbsp;-&gt;  Hash  (cost=70.81..70.81 rows=4581 width=8)</td>\n",
       "    </tr>\n",
       "    <tr>\n",
       "        <td>&nbsp;&nbsp;&nbsp;&nbsp;&nbsp;&nbsp;&nbsp;&nbsp;&nbsp;&nbsp;&nbsp;&nbsp;&nbsp;&nbsp;&nbsp;&nbsp;&nbsp;&nbsp;&nbsp;&nbsp;-&gt;  Seq Scan on inventory  (cost=0.00..70.81 rows=4581 width=8)</td>\n",
       "    </tr>\n",
       "    <tr>\n",
       "        <td>&nbsp;&nbsp;&nbsp;&nbsp;&nbsp;&nbsp;&nbsp;&nbsp;-&gt;  Hash  (cost=64.00..64.00 rows=1000 width=4)</td>\n",
       "    </tr>\n",
       "    <tr>\n",
       "        <td>&nbsp;&nbsp;&nbsp;&nbsp;&nbsp;&nbsp;&nbsp;&nbsp;&nbsp;&nbsp;&nbsp;&nbsp;&nbsp;&nbsp;-&gt;  Seq Scan on film  (cost=0.00..64.00 rows=1000 width=4)</td>\n",
       "    </tr>\n",
       "</table>"
      ],
      "text/plain": [
       "[('HashAggregate  (cost=719.80..719.82 rows=2 width=18)',),\n",
       " ('  Group Key: inventory.store_id',),\n",
       " ('  ->  Hash Join  (cost=204.57..599.47 rows=16044 width=18)',),\n",
       " ('        Hash Cond: (inventory.film_id = film.film_id)',),\n",
       " ('        ->  Hash Join  (cost=128.07..480.67 rows=16044 width=20)',),\n",
       " ('              Hash Cond: (rental.inventory_id = inventory.inventory_id)',),\n",
       " ('              ->  Seq Scan on rental  (cost=0.00..310.44 rows=16044 width=20)',),\n",
       " ('              ->  Hash  (cost=70.81..70.81 rows=4581 width=8)',),\n",
       " ('                    ->  Seq Scan on inventory  (cost=0.00..70.81 rows=4581 width=8)',),\n",
       " ('        ->  Hash  (cost=64.00..64.00 rows=1000 width=4)',),\n",
       " ('              ->  Seq Scan on film  (cost=0.00..64.00 rows=1000 width=4)',)]"
      ]
     },
     "execution_count": 6,
     "metadata": {},
     "output_type": "execute_result"
    }
   ],
   "source": [
    "%%sql\n",
    "EXPLAIN\n",
    "SELECT AVG(return_date - rental_date) , store_id\n",
    "FROM film \n",
    "JOIN inventory  ON (film.film_id = inventory.film_id)\n",
    "JOIN rental   ON (rental.inventory_id = inventory.inventory_id)\n",
    "GROUP BY store_id\n",
    "\n",
    "\n",
    "\n",
    "\n",
    "\n"
   ]
  },
  {
   "cell_type": "code",
   "execution_count": 7,
   "metadata": {},
   "outputs": [
    {
     "name": "stdout",
     "output_type": "stream",
     "text": [
      " * postgres://dsa_ro_user:***@pgsql.dsa.lan/dvdrental\n",
      "2 rows affected.\n"
     ]
    },
    {
     "data": {
      "text/html": [
       "<table>\n",
       "    <tr>\n",
       "        <th>avg</th>\n",
       "        <th>store_id</th>\n",
       "    </tr>\n",
       "    <tr>\n",
       "        <td>5 days, 0:52:18.043673</td>\n",
       "        <td>1</td>\n",
       "    </tr>\n",
       "    <tr>\n",
       "        <td>5 days, 0:21:02.570361</td>\n",
       "        <td>2</td>\n",
       "    </tr>\n",
       "</table>"
      ],
      "text/plain": [
       "[(datetime.timedelta(days=5, seconds=3138, microseconds=43673), 1),\n",
       " (datetime.timedelta(days=5, seconds=1262, microseconds=570361), 2)]"
      ]
     },
     "execution_count": 7,
     "metadata": {},
     "output_type": "execute_result"
    }
   ],
   "source": [
    "%%sql\n",
    "SELECT AVG(return_date - rental_date) , store_id\n",
    "FROM film \n",
    "JOIN inventory  ON (film.film_id = inventory.film_id)\n",
    "JOIN rental  ON (rental.inventory_id = inventory.inventory_id)\n",
    "GROUP BY store_id\n",
    "\n",
    "\n",
    "\n",
    "\n"
   ]
  },
  {
   "cell_type": "markdown",
   "metadata": {},
   "source": [
    "[Helpful Hints Video](https://youtu.be/Scyn7exzUcY)  "
   ]
  },
  {
   "cell_type": "markdown",
   "metadata": {},
   "source": [
    "### 4\n",
    "### Which three categories of film have the highest average number of actors per film?"
   ]
  },
  {
   "cell_type": "code",
   "execution_count": 4,
   "metadata": {},
   "outputs": [
    {
     "name": "stdout",
     "output_type": "stream",
     "text": [
      " * postgres://dsa_ro_user:***@pgsql.dsa.lan/dvdrental\n",
      "20 rows affected.\n"
     ]
    },
    {
     "data": {
      "text/html": [
       "<table>\n",
       "    <tr>\n",
       "        <th>QUERY PLAN</th>\n",
       "    </tr>\n",
       "    <tr>\n",
       "        <td>Limit  (cost=454.63..454.64 rows=3 width=100)</td>\n",
       "    </tr>\n",
       "    <tr>\n",
       "        <td>&nbsp;&nbsp;-&gt;  Sort  (cost=454.63..455.13 rows=200 width=100)</td>\n",
       "    </tr>\n",
       "    <tr>\n",
       "        <td>&nbsp;&nbsp;&nbsp;&nbsp;&nbsp;&nbsp;&nbsp;&nbsp;Sort Key: (avg((count(*)))) DESC</td>\n",
       "    </tr>\n",
       "    <tr>\n",
       "        <td>&nbsp;&nbsp;&nbsp;&nbsp;&nbsp;&nbsp;&nbsp;&nbsp;-&gt;  HashAggregate  (cost=449.55..452.05 rows=200 width=100)</td>\n",
       "    </tr>\n",
       "    <tr>\n",
       "        <td>&nbsp;&nbsp;&nbsp;&nbsp;&nbsp;&nbsp;&nbsp;&nbsp;&nbsp;&nbsp;&nbsp;&nbsp;&nbsp;&nbsp;Group Key: c.name</td>\n",
       "    </tr>\n",
       "    <tr>\n",
       "        <td>&nbsp;&nbsp;&nbsp;&nbsp;&nbsp;&nbsp;&nbsp;&nbsp;&nbsp;&nbsp;&nbsp;&nbsp;&nbsp;&nbsp;-&gt;  HashAggregate  (cost=313.00..367.62 rows=5462 width=91)</td>\n",
       "    </tr>\n",
       "    <tr>\n",
       "        <td>&nbsp;&nbsp;&nbsp;&nbsp;&nbsp;&nbsp;&nbsp;&nbsp;&nbsp;&nbsp;&nbsp;&nbsp;&nbsp;&nbsp;&nbsp;&nbsp;&nbsp;&nbsp;&nbsp;&nbsp;Group Key: c.name, f.title</td>\n",
       "    </tr>\n",
       "    <tr>\n",
       "        <td>&nbsp;&nbsp;&nbsp;&nbsp;&nbsp;&nbsp;&nbsp;&nbsp;&nbsp;&nbsp;&nbsp;&nbsp;&nbsp;&nbsp;&nbsp;&nbsp;&nbsp;&nbsp;&nbsp;&nbsp;-&gt;  Hash Join  (cost=112.31..272.03 rows=5462 width=83)</td>\n",
       "    </tr>\n",
       "    <tr>\n",
       "        <td>&nbsp;&nbsp;&nbsp;&nbsp;&nbsp;&nbsp;&nbsp;&nbsp;&nbsp;&nbsp;&nbsp;&nbsp;&nbsp;&nbsp;&nbsp;&nbsp;&nbsp;&nbsp;&nbsp;&nbsp;&nbsp;&nbsp;&nbsp;&nbsp;&nbsp;&nbsp;Hash Cond: (fa.film_id = fc.film_id)</td>\n",
       "    </tr>\n",
       "    <tr>\n",
       "        <td>&nbsp;&nbsp;&nbsp;&nbsp;&nbsp;&nbsp;&nbsp;&nbsp;&nbsp;&nbsp;&nbsp;&nbsp;&nbsp;&nbsp;&nbsp;&nbsp;&nbsp;&nbsp;&nbsp;&nbsp;&nbsp;&nbsp;&nbsp;&nbsp;&nbsp;&nbsp;-&gt;  Seq Scan on film_actor fa  (cost=0.00..84.62 rows=5462 width=2)</td>\n",
       "    </tr>\n",
       "    <tr>\n",
       "        <td>&nbsp;&nbsp;&nbsp;&nbsp;&nbsp;&nbsp;&nbsp;&nbsp;&nbsp;&nbsp;&nbsp;&nbsp;&nbsp;&nbsp;&nbsp;&nbsp;&nbsp;&nbsp;&nbsp;&nbsp;&nbsp;&nbsp;&nbsp;&nbsp;&nbsp;&nbsp;-&gt;  Hash  (cost=99.81..99.81 rows=1000 width=89)</td>\n",
       "    </tr>\n",
       "    <tr>\n",
       "        <td>&nbsp;&nbsp;&nbsp;&nbsp;&nbsp;&nbsp;&nbsp;&nbsp;&nbsp;&nbsp;&nbsp;&nbsp;&nbsp;&nbsp;&nbsp;&nbsp;&nbsp;&nbsp;&nbsp;&nbsp;&nbsp;&nbsp;&nbsp;&nbsp;&nbsp;&nbsp;&nbsp;&nbsp;&nbsp;&nbsp;&nbsp;&nbsp;-&gt;  Hash Join  (cost=77.86..99.81 rows=1000 width=89)</td>\n",
       "    </tr>\n",
       "    <tr>\n",
       "        <td>&nbsp;&nbsp;&nbsp;&nbsp;&nbsp;&nbsp;&nbsp;&nbsp;&nbsp;&nbsp;&nbsp;&nbsp;&nbsp;&nbsp;&nbsp;&nbsp;&nbsp;&nbsp;&nbsp;&nbsp;&nbsp;&nbsp;&nbsp;&nbsp;&nbsp;&nbsp;&nbsp;&nbsp;&nbsp;&nbsp;&nbsp;&nbsp;&nbsp;&nbsp;&nbsp;&nbsp;&nbsp;&nbsp;Hash Cond: (fc.category_id = c.category_id)</td>\n",
       "    </tr>\n",
       "    <tr>\n",
       "        <td>&nbsp;&nbsp;&nbsp;&nbsp;&nbsp;&nbsp;&nbsp;&nbsp;&nbsp;&nbsp;&nbsp;&nbsp;&nbsp;&nbsp;&nbsp;&nbsp;&nbsp;&nbsp;&nbsp;&nbsp;&nbsp;&nbsp;&nbsp;&nbsp;&nbsp;&nbsp;&nbsp;&nbsp;&nbsp;&nbsp;&nbsp;&nbsp;&nbsp;&nbsp;&nbsp;&nbsp;&nbsp;&nbsp;-&gt;  Hash Join  (cost=76.50..95.14 rows=1000 width=23)</td>\n",
       "    </tr>\n",
       "    <tr>\n",
       "        <td>&nbsp;&nbsp;&nbsp;&nbsp;&nbsp;&nbsp;&nbsp;&nbsp;&nbsp;&nbsp;&nbsp;&nbsp;&nbsp;&nbsp;&nbsp;&nbsp;&nbsp;&nbsp;&nbsp;&nbsp;&nbsp;&nbsp;&nbsp;&nbsp;&nbsp;&nbsp;&nbsp;&nbsp;&nbsp;&nbsp;&nbsp;&nbsp;&nbsp;&nbsp;&nbsp;&nbsp;&nbsp;&nbsp;&nbsp;&nbsp;&nbsp;&nbsp;&nbsp;&nbsp;Hash Cond: (fc.film_id = f.film_id)</td>\n",
       "    </tr>\n",
       "    <tr>\n",
       "        <td>&nbsp;&nbsp;&nbsp;&nbsp;&nbsp;&nbsp;&nbsp;&nbsp;&nbsp;&nbsp;&nbsp;&nbsp;&nbsp;&nbsp;&nbsp;&nbsp;&nbsp;&nbsp;&nbsp;&nbsp;&nbsp;&nbsp;&nbsp;&nbsp;&nbsp;&nbsp;&nbsp;&nbsp;&nbsp;&nbsp;&nbsp;&nbsp;&nbsp;&nbsp;&nbsp;&nbsp;&nbsp;&nbsp;&nbsp;&nbsp;&nbsp;&nbsp;&nbsp;&nbsp;-&gt;  Seq Scan on film_category fc  (cost=0.00..16.00 rows=1000 width=4)</td>\n",
       "    </tr>\n",
       "    <tr>\n",
       "        <td>&nbsp;&nbsp;&nbsp;&nbsp;&nbsp;&nbsp;&nbsp;&nbsp;&nbsp;&nbsp;&nbsp;&nbsp;&nbsp;&nbsp;&nbsp;&nbsp;&nbsp;&nbsp;&nbsp;&nbsp;&nbsp;&nbsp;&nbsp;&nbsp;&nbsp;&nbsp;&nbsp;&nbsp;&nbsp;&nbsp;&nbsp;&nbsp;&nbsp;&nbsp;&nbsp;&nbsp;&nbsp;&nbsp;&nbsp;&nbsp;&nbsp;&nbsp;&nbsp;&nbsp;-&gt;  Hash  (cost=64.00..64.00 rows=1000 width=19)</td>\n",
       "    </tr>\n",
       "    <tr>\n",
       "        <td>&nbsp;&nbsp;&nbsp;&nbsp;&nbsp;&nbsp;&nbsp;&nbsp;&nbsp;&nbsp;&nbsp;&nbsp;&nbsp;&nbsp;&nbsp;&nbsp;&nbsp;&nbsp;&nbsp;&nbsp;&nbsp;&nbsp;&nbsp;&nbsp;&nbsp;&nbsp;&nbsp;&nbsp;&nbsp;&nbsp;&nbsp;&nbsp;&nbsp;&nbsp;&nbsp;&nbsp;&nbsp;&nbsp;&nbsp;&nbsp;&nbsp;&nbsp;&nbsp;&nbsp;&nbsp;&nbsp;&nbsp;&nbsp;&nbsp;&nbsp;-&gt;  Seq Scan on film f  (cost=0.00..64.00 rows=1000 width=19)</td>\n",
       "    </tr>\n",
       "    <tr>\n",
       "        <td>&nbsp;&nbsp;&nbsp;&nbsp;&nbsp;&nbsp;&nbsp;&nbsp;&nbsp;&nbsp;&nbsp;&nbsp;&nbsp;&nbsp;&nbsp;&nbsp;&nbsp;&nbsp;&nbsp;&nbsp;&nbsp;&nbsp;&nbsp;&nbsp;&nbsp;&nbsp;&nbsp;&nbsp;&nbsp;&nbsp;&nbsp;&nbsp;&nbsp;&nbsp;&nbsp;&nbsp;&nbsp;&nbsp;-&gt;  Hash  (cost=1.16..1.16 rows=16 width=72)</td>\n",
       "    </tr>\n",
       "    <tr>\n",
       "        <td>&nbsp;&nbsp;&nbsp;&nbsp;&nbsp;&nbsp;&nbsp;&nbsp;&nbsp;&nbsp;&nbsp;&nbsp;&nbsp;&nbsp;&nbsp;&nbsp;&nbsp;&nbsp;&nbsp;&nbsp;&nbsp;&nbsp;&nbsp;&nbsp;&nbsp;&nbsp;&nbsp;&nbsp;&nbsp;&nbsp;&nbsp;&nbsp;&nbsp;&nbsp;&nbsp;&nbsp;&nbsp;&nbsp;&nbsp;&nbsp;&nbsp;&nbsp;&nbsp;&nbsp;-&gt;  Seq Scan on category c  (cost=0.00..1.16 rows=16 width=72)</td>\n",
       "    </tr>\n",
       "</table>"
      ],
      "text/plain": [
       "[('Limit  (cost=454.63..454.64 rows=3 width=100)',),\n",
       " ('  ->  Sort  (cost=454.63..455.13 rows=200 width=100)',),\n",
       " ('        Sort Key: (avg((count(*)))) DESC',),\n",
       " ('        ->  HashAggregate  (cost=449.55..452.05 rows=200 width=100)',),\n",
       " ('              Group Key: c.name',),\n",
       " ('              ->  HashAggregate  (cost=313.00..367.62 rows=5462 width=91)',),\n",
       " ('                    Group Key: c.name, f.title',),\n",
       " ('                    ->  Hash Join  (cost=112.31..272.03 rows=5462 width=83)',),\n",
       " ('                          Hash Cond: (fa.film_id = fc.film_id)',),\n",
       " ('                          ->  Seq Scan on film_actor fa  (cost=0.00..84.62 rows=5462 width=2)',),\n",
       " ('                          ->  Hash  (cost=99.81..99.81 rows=1000 width=89)',),\n",
       " ('                                ->  Hash Join  (cost=77.86..99.81 rows=1000 width=89)',),\n",
       " ('                                      Hash Cond: (fc.category_id = c.category_id)',),\n",
       " ('                                      ->  Hash Join  (cost=76.50..95.14 rows=1000 width=23)',),\n",
       " ('                                            Hash Cond: (fc.film_id = f.film_id)',),\n",
       " ('                                            ->  Seq Scan on film_category fc  (cost=0.00..16.00 rows=1000 width=4)',),\n",
       " ('                                            ->  Hash  (cost=64.00..64.00 rows=1000 width=19)',),\n",
       " ('                                                  ->  Seq Scan on film f  (cost=0.00..64.00 rows=1000 width=19)',),\n",
       " ('                                      ->  Hash  (cost=1.16..1.16 rows=16 width=72)',),\n",
       " ('                                            ->  Seq Scan on category c  (cost=0.00..1.16 rows=16 width=72)',)]"
      ]
     },
     "execution_count": 4,
     "metadata": {},
     "output_type": "execute_result"
    }
   ],
   "source": [
    "%%sql\n",
    "EXPLAIN\n",
    "SELECT tbl.category_name,AVG(tbl.actors) AS avg_actors\n",
    "FROM (\n",
    "SELECT c.name AS category_name,f.title, COUNT(*) AS actors FROM film f\n",
    "JOIN film_category fc ON fc.film_id = f.film_id\n",
    "JOIN category c ON fc.category_id = c.category_id\n",
    "JOIN film_actor fa ON fa.film_id = f.film_id\n",
    "GROUP BY c.name,f.title\n",
    ")\n",
    "AS tbl\n",
    "GROUP BY category_name\n",
    "ORDER BY 2 DESC\n",
    "LIMIT 3\n",
    "\n",
    "\n"
   ]
  },
  {
   "cell_type": "code",
   "execution_count": 3,
   "metadata": {},
   "outputs": [
    {
     "name": "stdout",
     "output_type": "stream",
     "text": [
      " * postgres://dsa_ro_user:***@pgsql.dsa.lan/dvdrental\n",
      "3 rows affected.\n"
     ]
    },
    {
     "data": {
      "text/html": [
       "<table>\n",
       "    <tr>\n",
       "        <th>category_name</th>\n",
       "        <th>avg_no_of_actors</th>\n",
       "    </tr>\n",
       "    <tr>\n",
       "        <td>Sports</td>\n",
       "        <td>6.0410958904109589</td>\n",
       "    </tr>\n",
       "    <tr>\n",
       "        <td>Drama</td>\n",
       "        <td>5.7377049180327869</td>\n",
       "    </tr>\n",
       "    <tr>\n",
       "        <td>Children</td>\n",
       "        <td>5.7333333333333333</td>\n",
       "    </tr>\n",
       "</table>"
      ],
      "text/plain": [
       "[('Sports', Decimal('6.0410958904109589')),\n",
       " ('Drama', Decimal('5.7377049180327869')),\n",
       " ('Children', Decimal('5.7333333333333333'))]"
      ]
     },
     "execution_count": 3,
     "metadata": {},
     "output_type": "execute_result"
    }
   ],
   "source": [
    "%%sql\n",
    "SELECT tbl.category_name,AVG(tbl.actors) AS avg_actors\n",
    "FROM (\n",
    "SELECT c.name AS category_name,f.title, COUNT(*) AS actors FROM film f\n",
    "JOIN film_category fc ON fc.film_id = f.film_id\n",
    "JOIN category c ON fc.category_id = c.category_id\n",
    "JOIN film_actor fa ON fa.film_id = f.film_id\n",
    "GROUP BY c.name,f.title\n",
    ")\n",
    "AS tbl\n",
    "GROUP BY category_name\n",
    "ORDER BY 2 DESC\n",
    "LIMIT 3\n"
   ]
  },
  {
   "cell_type": "markdown",
   "metadata": {},
   "source": [
    "### 5\n",
    "### For each staff member, list their average daily payment amount processed."
   ]
  },
  {
   "cell_type": "code",
   "execution_count": 10,
   "metadata": {},
   "outputs": [
    {
     "name": "stdout",
     "output_type": "stream",
     "text": [
      " * postgres://dsa_ro_user:***@pgsql.dsa.lan/dvdrental\n",
      "11 rows affected.\n"
     ]
    },
    {
     "data": {
      "text/html": [
       "<table>\n",
       "    <tr>\n",
       "        <th>QUERY PLAN</th>\n",
       "    </tr>\n",
       "    <tr>\n",
       "        <td>Sort  (cost=968.49..968.99 rows=200 width=36)</td>\n",
       "    </tr>\n",
       "    <tr>\n",
       "        <td>&nbsp;&nbsp;Sort Key: s.staff_id</td>\n",
       "    </tr>\n",
       "    <tr>\n",
       "        <td>&nbsp;&nbsp;-&gt;  HashAggregate  (cost=958.35..960.85 rows=200 width=36)</td>\n",
       "    </tr>\n",
       "    <tr>\n",
       "        <td>&nbsp;&nbsp;&nbsp;&nbsp;&nbsp;&nbsp;&nbsp;&nbsp;Group Key: s.staff_id</td>\n",
       "    </tr>\n",
       "    <tr>\n",
       "        <td>&nbsp;&nbsp;&nbsp;&nbsp;&nbsp;&nbsp;&nbsp;&nbsp;-&gt;  HashAggregate  (cost=520.47..739.41 rows=14596 width=40)</td>\n",
       "    </tr>\n",
       "    <tr>\n",
       "        <td>&nbsp;&nbsp;&nbsp;&nbsp;&nbsp;&nbsp;&nbsp;&nbsp;&nbsp;&nbsp;&nbsp;&nbsp;&nbsp;&nbsp;Group Key: s.staff_id, (p.payment_date)::date</td>\n",
       "    </tr>\n",
       "    <tr>\n",
       "        <td>&nbsp;&nbsp;&nbsp;&nbsp;&nbsp;&nbsp;&nbsp;&nbsp;&nbsp;&nbsp;&nbsp;&nbsp;&nbsp;&nbsp;-&gt;  Hash Join  (cost=1.04..411.00 rows=14596 width=14)</td>\n",
       "    </tr>\n",
       "    <tr>\n",
       "        <td>&nbsp;&nbsp;&nbsp;&nbsp;&nbsp;&nbsp;&nbsp;&nbsp;&nbsp;&nbsp;&nbsp;&nbsp;&nbsp;&nbsp;&nbsp;&nbsp;&nbsp;&nbsp;&nbsp;&nbsp;Hash Cond: (p.staff_id = s.staff_id)</td>\n",
       "    </tr>\n",
       "    <tr>\n",
       "        <td>&nbsp;&nbsp;&nbsp;&nbsp;&nbsp;&nbsp;&nbsp;&nbsp;&nbsp;&nbsp;&nbsp;&nbsp;&nbsp;&nbsp;&nbsp;&nbsp;&nbsp;&nbsp;&nbsp;&nbsp;-&gt;  Seq Scan on payment p  (cost=0.00..253.96 rows=14596 width=16)</td>\n",
       "    </tr>\n",
       "    <tr>\n",
       "        <td>&nbsp;&nbsp;&nbsp;&nbsp;&nbsp;&nbsp;&nbsp;&nbsp;&nbsp;&nbsp;&nbsp;&nbsp;&nbsp;&nbsp;&nbsp;&nbsp;&nbsp;&nbsp;&nbsp;&nbsp;-&gt;  Hash  (cost=1.02..1.02 rows=2 width=4)</td>\n",
       "    </tr>\n",
       "    <tr>\n",
       "        <td>&nbsp;&nbsp;&nbsp;&nbsp;&nbsp;&nbsp;&nbsp;&nbsp;&nbsp;&nbsp;&nbsp;&nbsp;&nbsp;&nbsp;&nbsp;&nbsp;&nbsp;&nbsp;&nbsp;&nbsp;&nbsp;&nbsp;&nbsp;&nbsp;&nbsp;&nbsp;-&gt;  Seq Scan on staff s  (cost=0.00..1.02 rows=2 width=4)</td>\n",
       "    </tr>\n",
       "</table>"
      ],
      "text/plain": [
       "[('Sort  (cost=968.49..968.99 rows=200 width=36)',),\n",
       " ('  Sort Key: s.staff_id',),\n",
       " ('  ->  HashAggregate  (cost=958.35..960.85 rows=200 width=36)',),\n",
       " ('        Group Key: s.staff_id',),\n",
       " ('        ->  HashAggregate  (cost=520.47..739.41 rows=14596 width=40)',),\n",
       " ('              Group Key: s.staff_id, (p.payment_date)::date',),\n",
       " ('              ->  Hash Join  (cost=1.04..411.00 rows=14596 width=14)',),\n",
       " ('                    Hash Cond: (p.staff_id = s.staff_id)',),\n",
       " ('                    ->  Seq Scan on payment p  (cost=0.00..253.96 rows=14596 width=16)',),\n",
       " ('                    ->  Hash  (cost=1.02..1.02 rows=2 width=4)',),\n",
       " ('                          ->  Seq Scan on staff s  (cost=0.00..1.02 rows=2 width=4)',)]"
      ]
     },
     "execution_count": 10,
     "metadata": {},
     "output_type": "execute_result"
    }
   ],
   "source": [
    "%%sql\n",
    "EXPLAIN\n",
    "SELECT tbl.staff_id, AVG(tbl.sum_daily_payment) AS AVG_daily_payment\n",
    "FROM (SELECT s.staff_id, p.payment_date::date, SUM(p.amount) AS sum_daily_payment FROM staff s\n",
    "JOIN payment p USING(staff_id)\n",
    "GROUP BY s.staff_id, p.payment_date::date) tbl\n",
    "GROUP BY tbl.staff_id\n",
    "ORDER BY staff_id;"
   ]
  },
  {
   "cell_type": "code",
   "execution_count": 8,
   "metadata": {},
   "outputs": [
    {
     "name": "stdout",
     "output_type": "stream",
     "text": [
      " * postgres://dsa_ro_user:***@pgsql.dsa.lan/dvdrental\n",
      "2 rows affected.\n"
     ]
    },
    {
     "data": {
      "text/html": [
       "<table>\n",
       "    <tr>\n",
       "        <th>staff_id</th>\n",
       "        <th>avg_daily_payment</th>\n",
       "    </tr>\n",
       "    <tr>\n",
       "        <td>1</td>\n",
       "        <td>945.3787500000000000</td>\n",
       "    </tr>\n",
       "    <tr>\n",
       "        <td>2</td>\n",
       "        <td>970.6225000000000000</td>\n",
       "    </tr>\n",
       "</table>"
      ],
      "text/plain": [
       "[(1, Decimal('945.3787500000000000')), (2, Decimal('970.6225000000000000'))]"
      ]
     },
     "execution_count": 8,
     "metadata": {},
     "output_type": "execute_result"
    }
   ],
   "source": [
    "%%sql\n",
    "\n",
    "SELECT tbl.staff_id, AVG(tbl.sum_daily_payment) AS AVG_daily_payment\n",
    "FROM (SELECT s.staff_id, p.payment_date::date, SUM(p.amount) AS sum_daily_payment FROM staff s\n",
    "JOIN payment p USING(staff_id)\n",
    "GROUP BY s.staff_id, p.payment_date::date) tbl\n",
    "GROUP BY tbl.staff_id\n",
    "ORDER BY staff_id;\n",
    "\n"
   ]
  },
  {
   "cell_type": "markdown",
   "metadata": {},
   "source": [
    "### 6\n",
    "### What is the statistical correlation between film length and rental rate?"
   ]
  },
  {
   "cell_type": "code",
   "execution_count": 12,
   "metadata": {},
   "outputs": [
    {
     "name": "stdout",
     "output_type": "stream",
     "text": [
      " * postgres://dsa_ro_user:***@pgsql.dsa.lan/dvdrental\n",
      "2 rows affected.\n"
     ]
    },
    {
     "data": {
      "text/html": [
       "<table>\n",
       "    <tr>\n",
       "        <th>QUERY PLAN</th>\n",
       "    </tr>\n",
       "    <tr>\n",
       "        <td>Aggregate  (cost=71.50..71.51 rows=1 width=8)</td>\n",
       "    </tr>\n",
       "    <tr>\n",
       "        <td>&nbsp;&nbsp;-&gt;  Seq Scan on film  (cost=0.00..64.00 rows=1000 width=8)</td>\n",
       "    </tr>\n",
       "</table>"
      ],
      "text/plain": [
       "[('Aggregate  (cost=71.50..71.51 rows=1 width=8)',),\n",
       " ('  ->  Seq Scan on film  (cost=0.00..64.00 rows=1000 width=8)',)]"
      ]
     },
     "execution_count": 12,
     "metadata": {},
     "output_type": "execute_result"
    }
   ],
   "source": [
    "%%sql\n",
    "EXPLAIN\n",
    "SELECT corr(length,rental_rate)\n",
    "FROM film\n",
    "\n",
    "\n",
    "\n",
    "\n"
   ]
  },
  {
   "cell_type": "code",
   "execution_count": 13,
   "metadata": {},
   "outputs": [
    {
     "name": "stdout",
     "output_type": "stream",
     "text": [
      " * postgres://dsa_ro_user:***@pgsql.dsa.lan/dvdrental\n",
      "1 rows affected.\n"
     ]
    },
    {
     "data": {
      "text/html": [
       "<table>\n",
       "    <tr>\n",
       "        <th>corr</th>\n",
       "    </tr>\n",
       "    <tr>\n",
       "        <td>0.0297892586459086</td>\n",
       "    </tr>\n",
       "</table>"
      ],
      "text/plain": [
       "[(0.0297892586459086,)]"
      ]
     },
     "execution_count": 13,
     "metadata": {},
     "output_type": "execute_result"
    }
   ],
   "source": [
    "%%sql\n",
    "\n",
    "SELECT corr(length,rental_rate)\n",
    "FROM film\n",
    "\n",
    "\n",
    "\n"
   ]
  },
  {
   "cell_type": "markdown",
   "metadata": {},
   "source": [
    "[Helpful Hints Video](https://youtu.be/3d2vgLn9KVs)  "
   ]
  },
  {
   "cell_type": "markdown",
   "metadata": {},
   "source": [
    "# Save your Notebook, then `File > Close and Halt`"
   ]
  }
 ],
 "metadata": {
  "kernelspec": {
   "display_name": "Python 3",
   "language": "python",
   "name": "python3"
  },
  "language_info": {
   "codemirror_mode": {
    "name": "ipython",
    "version": 3
   },
   "file_extension": ".py",
   "mimetype": "text/x-python",
   "name": "python",
   "nbconvert_exporter": "python",
   "pygments_lexer": "ipython3",
   "version": "3.7.3"
  }
 },
 "nbformat": 4,
 "nbformat_minor": 1
}
